> Task :gradle-plugin:settings-plugin:checkKotlinGradlePluginConfigurationErrors SKIPPED
> Task :gradle-plugin:shared:checkKotlinGradlePluginConfigurationErrors SKIPPED
> Task :gradle-plugin:shared:compileKotlin UP-TO-DATE
> Task :gradle-plugin:shared:compileJava NO-SOURCE
> Task :gradle-plugin:shared:processResources NO-SOURCE
> Task :gradle-plugin:shared:classes UP-TO-DATE
> Task :gradle-plugin:shared:jar UP-TO-DATE
> Task :gradle-plugin:settings-plugin:compileKotlin UP-TO-DATE
> Task :gradle-plugin:settings-plugin:compileJava NO-SOURCE
> Task :gradle-plugin:settings-plugin:pluginDescriptors UP-TO-DATE
> Task :gradle-plugin:settings-plugin:processResources UP-TO-DATE
> Task :gradle-plugin:settings-plugin:classes UP-TO-DATE
> Task :gradle-plugin:settings-plugin:jar UP-TO-DATE
> Task :gradle-plugin:react-native-gradle-plugin:checkKotlinGradlePluginConfigurationErrors SKIPPED
> Task :gradle-plugin:react-native-gradle-plugin:compileKotlin UP-TO-DATE
> Task :gradle-plugin:react-native-gradle-plugin:compileJava NO-SOURCE
> Task :gradle-plugin:react-native-gradle-plugin:pluginDescriptors UP-TO-DATE
> Task :gradle-plugin:react-native-gradle-plugin:processResources UP-TO-DATE
> Task :gradle-plugin:react-native-gradle-plugin:classes UP-TO-DATE
> Task :gradle-plugin:react-native-gradle-plugin:jar UP-TO-DATE
> Task :react-native-audio-recorder-player:checkKotlinGradlePluginConfigurationErrors SKIPPED
> Task :react-native-audio-recorder-player:preBuild UP-TO-DATE
> Task :react-native-audio-recorder-player:preReleaseBuild UP-TO-DATE
> Task :react-native-audio-recorder-player:generateReleaseBuildConfig UP-TO-DATE
> Task :react-native-audio-recorder-player:generateReleaseResValues UP-TO-DATE
> Task :react-native-audio-recorder-player:generateReleaseResources UP-TO-DATE
> Task :react-native-audio-recorder-player:packageReleaseResources UP-TO-DATE
> Task :react-native-audio-recorder-player:parseReleaseLocalResources UP-TO-DATE
> Task :react-native-audio-recorder-player:generateReleaseRFile UP-TO-DATE

> Task :react-native-audio-recorder-player:compileReleaseKotlin FAILED
e: file:///Users/kishnakushwaha/Documents/interview_helper/desier-ai/android_app/node_modules/react-native-audio-recorder-player/android/src/main/java/com/dooboolab.audiorecorderplayer/RNAudioRecorderPlayerModule.kt:46:56 Unresolved reference 'currentActivity'.
e: file:///Users/kishnakushwaha/Documents/interview_helper/desier-ai/android_app/node_modules/react-native-audio-recorder-player/android/src/main/java/com/dooboolab.audiorecorderplayer/RNAudioRecorderPlayerModule.kt:52:56 Unresolved reference 'currentActivity'.
e: file:///Users/kishnakushwaha/Documents/interview_helper/desier-ai/android_app/node_modules/react-native-audio-recorder-player/android/src/main/java/com/dooboolab.audiorecorderplayer/RNAudioRecorderPlayerModule.kt:218:49 Unresolved reference 'currentActivity'.
e: file:///Users/kishnakushwaha/Documents/interview_helper/desier-ai/android_app/node_modules/react-native-audio-recorder-player/android/src/main/java/com/dooboolab.audiorecorderplayer/RNAudioRecorderPlayerModule.kt:218:67 Unresolved reference 'applicationContext'.

[Incubating] Problems report is available at: file:///Users/kishnakushwaha/Documents/interview_helper/desier-ai/android_app/android/build/reports/problems/problems-report.html

FAILURE: Build failed with an exception.

* What went wrong:
Execution failed for task ':react-native-audio-recorder-player:compileReleaseKotlin'.
> A failure occurred while executing org.jetbrains.kotlin.compilerRunner.GradleCompilerRunnerWithWorkers$GradleKotlinCompilerWorkAction
   > Compilation error. See log for more details

* Try:
> Run with --stacktrace option to get the stack trace.
> Run with --info or --debug option to get more log output.
> Run with --scan to generate a Build Scan (Powered by Develocity).
> Get more help at https://help.gradle.org.

Deprecated Gradle features were used in this build, making it incompatible with Gradle 10.

You can use '--warning-mode all' to show the individual deprecation warnings and determine if they come from your own scripts or plugins.

For more on this, please refer to https://docs.gradle.org/9.0.0/userguide/command_line_interface.html#sec:command_line_warnings in the Gradle documentation.

BUILD FAILED in 1s
17 actionable tasks: 1 executed, 16 up-to-date
